----------------------------------------------------------------
Mon Oct 05 10:02:38 CEST 2020:
Booting Derby version The Apache Software Foundation - Apache Derby - 10.14.2.0 - (1828579): instance a816c00e-0174-f7c8-ac97-00000e5b79b8 
on database directory memory:C:\Users\Sunita\Documents\workspace-spring-tool-suite-4-4.8.0.RELEASE\addressservice\f95dce46-df54-43c5-95af-ba937166bc7e with class loader sun.misc.Launcher$AppClassLoader@764c12b6 
Loaded from file:/C:/Users/Sunita/.m2/repository/org/apache/derby/derby/10.14.2.0/derby-10.14.2.0.jar
java.vendor=Oracle Corporation
java.runtime.version=1.8.0_202-b08
user.dir=C:\Users\Sunita\Documents\workspace-spring-tool-suite-4-4.8.0.RELEASE\addressservice
os.name=Windows 10
os.arch=amd64
os.version=10.0
derby.system.home=null
Database Class Loader started - derby.database.classpath=''
----------------------------------------------------------------
Mon Oct 05 10:12:51 CEST 2020:
Shutting down instance a816c00e-0174-f7c8-ac97-00000e5b79b8 on database directory memory:C:\Users\Sunita\Documents\workspace-spring-tool-suite-4-4.8.0.RELEASE\addressservice\f95dce46-df54-43c5-95af-ba937166bc7e with class loader sun.misc.Launcher$AppClassLoader@764c12b6 
----------------------------------------------------------------
Mon Oct 05 10:12:55 CEST 2020:
Booting Derby version The Apache Software Foundation - Apache Derby - 10.14.2.0 - (1828579): instance 3405c0cb-0174-f7c8-ac97-00000e5b79b8 
on database directory memory:C:\Users\Sunita\Documents\workspace-spring-tool-suite-4-4.8.0.RELEASE\addressservice\49ecfbc7-28db-4484-9463-6f56837825dc with class loader sun.misc.Launcher$AppClassLoader@764c12b6 
Loaded from file:/C:/Users/Sunita/.m2/repository/org/apache/derby/derby/10.14.2.0/derby-10.14.2.0.jar
java.vendor=Oracle Corporation
java.runtime.version=1.8.0_202-b08
user.dir=C:\Users\Sunita\Documents\workspace-spring-tool-suite-4-4.8.0.RELEASE\addressservice
os.name=Windows 10
os.arch=amd64
os.version=10.0
derby.system.home=null
Database Class Loader started - derby.database.classpath=''
----------------------------------------------------------------
Mon Oct 05 10:17:52 CEST 2020:
Shutting down instance 3405c0cb-0174-f7c8-ac97-00000e5b79b8 on database directory memory:C:\Users\Sunita\Documents\workspace-spring-tool-suite-4-4.8.0.RELEASE\addressservice\49ecfbc7-28db-4484-9463-6f56837825dc with class loader sun.misc.Launcher$AppClassLoader@764c12b6 
----------------------------------------------------------------
Mon Oct 05 10:17:54 CEST 2020:
Booting Derby version The Apache Software Foundation - Apache Derby - 10.14.2.0 - (1828579): instance c8300181-0174-f7c8-ac97-00000e5b79b8 
on database directory memory:C:\Users\Sunita\Documents\workspace-spring-tool-suite-4-4.8.0.RELEASE\addressservice\c301890c-e3f5-4679-9b87-a041aa00a419 with class loader sun.misc.Launcher$AppClassLoader@764c12b6 
Loaded from file:/C:/Users/Sunita/.m2/repository/org/apache/derby/derby/10.14.2.0/derby-10.14.2.0.jar
java.vendor=Oracle Corporation
java.runtime.version=1.8.0_202-b08
user.dir=C:\Users\Sunita\Documents\workspace-spring-tool-suite-4-4.8.0.RELEASE\addressservice
os.name=Windows 10
os.arch=amd64
os.version=10.0
derby.system.home=null
Database Class Loader started - derby.database.classpath=''
----------------------------------------------------------------
Mon Oct 05 10:19:25 CEST 2020:
Shutting down instance c8300181-0174-f7c8-ac97-00000e5b79b8 on database directory memory:C:\Users\Sunita\Documents\workspace-spring-tool-suite-4-4.8.0.RELEASE\addressservice\c301890c-e3f5-4679-9b87-a041aa00a419 with class loader sun.misc.Launcher$AppClassLoader@764c12b6 
----------------------------------------------------------------
Mon Oct 05 10:19:28 CEST 2020:
Booting Derby version The Apache Software Foundation - Apache Derby - 10.14.2.0 - (1828579): instance b77a823c-0174-f7c8-ac97-00000e5b79b8 
on database directory memory:C:\Users\Sunita\Documents\workspace-spring-tool-suite-4-4.8.0.RELEASE\addressservice\3361ef3c-f7f4-4a74-a484-0a1dd7cdf4c6 with class loader sun.misc.Launcher$AppClassLoader@764c12b6 
Loaded from file:/C:/Users/Sunita/.m2/repository/org/apache/derby/derby/10.14.2.0/derby-10.14.2.0.jar
java.vendor=Oracle Corporation
java.runtime.version=1.8.0_202-b08
user.dir=C:\Users\Sunita\Documents\workspace-spring-tool-suite-4-4.8.0.RELEASE\addressservice
os.name=Windows 10
os.arch=amd64
os.version=10.0
derby.system.home=null
Database Class Loader started - derby.database.classpath=''
----------------------------------------------------------------
Mon Oct 05 10:20:00 CEST 2020:
Shutting down instance b77a823c-0174-f7c8-ac97-00000e5b79b8 on database directory memory:C:\Users\Sunita\Documents\workspace-spring-tool-suite-4-4.8.0.RELEASE\addressservice\3361ef3c-f7f4-4a74-a484-0a1dd7cdf4c6 with class loader sun.misc.Launcher$AppClassLoader@764c12b6 
----------------------------------------------------------------
Mon Oct 05 10:20:01 CEST 2020:
Booting Derby version The Apache Software Foundation - Apache Derby - 10.14.2.0 - (1828579): instance 1d3a42f2-0174-f7c8-ac97-00000e5b79b8 
on database directory memory:C:\Users\Sunita\Documents\workspace-spring-tool-suite-4-4.8.0.RELEASE\addressservice\d4193f72-225d-4a6b-88e3-1dda92c9a95e with class loader sun.misc.Launcher$AppClassLoader@764c12b6 
Loaded from file:/C:/Users/Sunita/.m2/repository/org/apache/derby/derby/10.14.2.0/derby-10.14.2.0.jar
java.vendor=Oracle Corporation
java.runtime.version=1.8.0_202-b08
user.dir=C:\Users\Sunita\Documents\workspace-spring-tool-suite-4-4.8.0.RELEASE\addressservice
os.name=Windows 10
os.arch=amd64
os.version=10.0
derby.system.home=null
Database Class Loader started - derby.database.classpath=''
----------------------------------------------------------------
Mon Oct 05 10:20:20 CEST 2020:
Shutting down instance 1d3a42f2-0174-f7c8-ac97-00000e5b79b8 on database directory memory:C:\Users\Sunita\Documents\workspace-spring-tool-suite-4-4.8.0.RELEASE\addressservice\d4193f72-225d-4a6b-88e3-1dda92c9a95e with class loader sun.misc.Launcher$AppClassLoader@764c12b6 
----------------------------------------------------------------
Mon Oct 05 10:20:21 CEST 2020:
Booting Derby version The Apache Software Foundation - Apache Derby - 10.14.2.0 - (1828579): instance e35303a8-0174-f7c8-ac97-00000e5b79b8 
on database directory memory:C:\Users\Sunita\Documents\workspace-spring-tool-suite-4-4.8.0.RELEASE\addressservice\0c980ac2-b30a-42c3-bb8f-af4445b3ed09 with class loader sun.misc.Launcher$AppClassLoader@764c12b6 
Loaded from file:/C:/Users/Sunita/.m2/repository/org/apache/derby/derby/10.14.2.0/derby-10.14.2.0.jar
java.vendor=Oracle Corporation
java.runtime.version=1.8.0_202-b08
user.dir=C:\Users\Sunita\Documents\workspace-spring-tool-suite-4-4.8.0.RELEASE\addressservice
os.name=Windows 10
os.arch=amd64
os.version=10.0
derby.system.home=null
Database Class Loader started - derby.database.classpath=''
----------------------------------------------------------------
Mon Oct 05 10:22:22 CEST 2020:
Shutting down instance e35303a8-0174-f7c8-ac97-00000e5b79b8 on database directory memory:C:\Users\Sunita\Documents\workspace-spring-tool-suite-4-4.8.0.RELEASE\addressservice\0c980ac2-b30a-42c3-bb8f-af4445b3ed09 with class loader sun.misc.Launcher$AppClassLoader@764c12b6 
----------------------------------------------------------------
Mon Oct 05 10:22:23 CEST 2020:
Booting Derby version The Apache Software Foundation - Apache Derby - 10.14.2.0 - (1828579): instance 89c4c45e-0174-f7c8-ac97-00000e5b79b8 
on database directory memory:C:\Users\Sunita\Documents\workspace-spring-tool-suite-4-4.8.0.RELEASE\addressservice\c81f5b65-f71b-4575-9783-9ae38b1ac6d9 with class loader sun.misc.Launcher$AppClassLoader@764c12b6 
Loaded from file:/C:/Users/Sunita/.m2/repository/org/apache/derby/derby/10.14.2.0/derby-10.14.2.0.jar
java.vendor=Oracle Corporation
java.runtime.version=1.8.0_202-b08
user.dir=C:\Users\Sunita\Documents\workspace-spring-tool-suite-4-4.8.0.RELEASE\addressservice
os.name=Windows 10
os.arch=amd64
os.version=10.0
derby.system.home=null
Database Class Loader started - derby.database.classpath=''
----------------------------------------------------------------
Mon Oct 05 10:26:50 CEST 2020:
Shutting down instance 89c4c45e-0174-f7c8-ac97-00000e5b79b8 on database directory memory:C:\Users\Sunita\Documents\workspace-spring-tool-suite-4-4.8.0.RELEASE\addressservice\c81f5b65-f71b-4575-9783-9ae38b1ac6d9 with class loader sun.misc.Launcher$AppClassLoader@764c12b6 
----------------------------------------------------------------
Mon Oct 05 10:26:51 CEST 2020:
Booting Derby version The Apache Software Foundation - Apache Derby - 10.14.2.0 - (1828579): instance 908f8514-0174-f7c8-ac97-00000e5b79b8 
on database directory memory:C:\Users\Sunita\Documents\workspace-spring-tool-suite-4-4.8.0.RELEASE\addressservice\8e062d28-9cb9-4fcc-a204-b7d9941d2a62 with class loader sun.misc.Launcher$AppClassLoader@764c12b6 
Loaded from file:/C:/Users/Sunita/.m2/repository/org/apache/derby/derby/10.14.2.0/derby-10.14.2.0.jar
java.vendor=Oracle Corporation
java.runtime.version=1.8.0_202-b08
user.dir=C:\Users\Sunita\Documents\workspace-spring-tool-suite-4-4.8.0.RELEASE\addressservice
os.name=Windows 10
os.arch=amd64
os.version=10.0
derby.system.home=null
Database Class Loader started - derby.database.classpath=''
----------------------------------------------------------------
Mon Oct 05 10:28:59 CEST 2020:
Shutting down instance 908f8514-0174-f7c8-ac97-00000e5b79b8 on database directory memory:C:\Users\Sunita\Documents\workspace-spring-tool-suite-4-4.8.0.RELEASE\addressservice\8e062d28-9cb9-4fcc-a204-b7d9941d2a62 with class loader sun.misc.Launcher$AppClassLoader@764c12b6 
----------------------------------------------------------------
Mon Oct 05 10:29:00 CEST 2020:
Booting Derby version The Apache Software Foundation - Apache Derby - 10.14.2.0 - (1828579): instance 229745d7-0174-f7c8-ac97-00000e5b79b8 
on database directory memory:C:\Users\Sunita\Documents\workspace-spring-tool-suite-4-4.8.0.RELEASE\addressservice\5085866e-f68e-423c-b28b-88958a7347e8 with class loader sun.misc.Launcher$AppClassLoader@764c12b6 
Loaded from file:/C:/Users/Sunita/.m2/repository/org/apache/derby/derby/10.14.2.0/derby-10.14.2.0.jar
java.vendor=Oracle Corporation
java.runtime.version=1.8.0_202-b08
user.dir=C:\Users\Sunita\Documents\workspace-spring-tool-suite-4-4.8.0.RELEASE\addressservice
os.name=Windows 10
os.arch=amd64
os.version=10.0
derby.system.home=null
Database Class Loader started - derby.database.classpath=''
----------------------------------------------------------------
Mon Oct 05 10:31:07 CEST 2020:
Shutting down instance 229745d7-0174-f7c8-ac97-00000e5b79b8 on database directory memory:C:\Users\Sunita\Documents\workspace-spring-tool-suite-4-4.8.0.RELEASE\addressservice\5085866e-f68e-423c-b28b-88958a7347e8 with class loader sun.misc.Launcher$AppClassLoader@764c12b6 
----------------------------------------------------------------
Mon Oct 05 10:31:08 CEST 2020:
Booting Derby version The Apache Software Foundation - Apache Derby - 10.14.2.0 - (1828579): instance bfdf8694-0174-f7c8-ac97-00000e5b79b8 
on database directory memory:C:\Users\Sunita\Documents\workspace-spring-tool-suite-4-4.8.0.RELEASE\addressservice\3ffa89e0-104c-4c93-b2b9-ff92783f6f99 with class loader sun.misc.Launcher$AppClassLoader@764c12b6 
Loaded from file:/C:/Users/Sunita/.m2/repository/org/apache/derby/derby/10.14.2.0/derby-10.14.2.0.jar
java.vendor=Oracle Corporation
java.runtime.version=1.8.0_202-b08
user.dir=C:\Users\Sunita\Documents\workspace-spring-tool-suite-4-4.8.0.RELEASE\addressservice
os.name=Windows 10
os.arch=amd64
os.version=10.0
derby.system.home=null
Database Class Loader started - derby.database.classpath=''
----------------------------------------------------------------
Mon Oct 05 10:32:16 CEST 2020:
Shutting down instance bfdf8694-0174-f7c8-ac97-00000e5b79b8 on database directory memory:C:\Users\Sunita\Documents\workspace-spring-tool-suite-4-4.8.0.RELEASE\addressservice\3ffa89e0-104c-4c93-b2b9-ff92783f6f99 with class loader sun.misc.Launcher$AppClassLoader@764c12b6 
----------------------------------------------------------------
Mon Oct 05 10:32:18 CEST 2020:
Booting Derby version The Apache Software Foundation - Apache Derby - 10.14.2.0 - (1828579): instance eb43474a-0174-f7c8-ac97-00000e5b79b8 
on database directory memory:C:\Users\Sunita\Documents\workspace-spring-tool-suite-4-4.8.0.RELEASE\addressservice\0bdf406c-fd82-463b-979f-a8103bec654c with class loader sun.misc.Launcher$AppClassLoader@764c12b6 
Loaded from file:/C:/Users/Sunita/.m2/repository/org/apache/derby/derby/10.14.2.0/derby-10.14.2.0.jar
java.vendor=Oracle Corporation
java.runtime.version=1.8.0_202-b08
user.dir=C:\Users\Sunita\Documents\workspace-spring-tool-suite-4-4.8.0.RELEASE\addressservice
os.name=Windows 10
os.arch=amd64
os.version=10.0
derby.system.home=null
Database Class Loader started - derby.database.classpath=''
----------------------------------------------------------------
Mon Oct 05 10:32:32 CEST 2020:
Shutting down instance eb43474a-0174-f7c8-ac97-00000e5b79b8 on database directory memory:C:\Users\Sunita\Documents\workspace-spring-tool-suite-4-4.8.0.RELEASE\addressservice\0bdf406c-fd82-463b-979f-a8103bec654c with class loader sun.misc.Launcher$AppClassLoader@764c12b6 
----------------------------------------------------------------
Mon Oct 05 10:32:33 CEST 2020:
Booting Derby version The Apache Software Foundation - Apache Derby - 10.14.2.0 - (1828579): instance 77000800-0174-f7c8-ac97-00000e5b79b8 
on database directory memory:C:\Users\Sunita\Documents\workspace-spring-tool-suite-4-4.8.0.RELEASE\addressservice\8a26d8bc-92bd-4e20-b471-4f8780fcfe28 with class loader sun.misc.Launcher$AppClassLoader@764c12b6 
Loaded from file:/C:/Users/Sunita/.m2/repository/org/apache/derby/derby/10.14.2.0/derby-10.14.2.0.jar
java.vendor=Oracle Corporation
java.runtime.version=1.8.0_202-b08
user.dir=C:\Users\Sunita\Documents\workspace-spring-tool-suite-4-4.8.0.RELEASE\addressservice
os.name=Windows 10
os.arch=amd64
os.version=10.0
derby.system.home=null
Database Class Loader started - derby.database.classpath=''
----------------------------------------------------------------
Mon Oct 05 10:32:44 CEST 2020:
Shutting down instance 77000800-0174-f7c8-ac97-00000e5b79b8 on database directory memory:C:\Users\Sunita\Documents\workspace-spring-tool-suite-4-4.8.0.RELEASE\addressservice\8a26d8bc-92bd-4e20-b471-4f8780fcfe28 with class loader sun.misc.Launcher$AppClassLoader@764c12b6 
----------------------------------------------------------------
Mon Oct 05 10:32:45 CEST 2020:
Booting Derby version The Apache Software Foundation - Apache Derby - 10.14.2.0 - (1828579): instance e315c8b6-0174-f7c8-ac97-00000e5b79b8 
on database directory memory:C:\Users\Sunita\Documents\workspace-spring-tool-suite-4-4.8.0.RELEASE\addressservice\7d9fea9a-277e-4078-885a-b9c62ce2016d with class loader sun.misc.Launcher$AppClassLoader@764c12b6 
Loaded from file:/C:/Users/Sunita/.m2/repository/org/apache/derby/derby/10.14.2.0/derby-10.14.2.0.jar
java.vendor=Oracle Corporation
java.runtime.version=1.8.0_202-b08
user.dir=C:\Users\Sunita\Documents\workspace-spring-tool-suite-4-4.8.0.RELEASE\addressservice
os.name=Windows 10
os.arch=amd64
os.version=10.0
derby.system.home=null
Database Class Loader started - derby.database.classpath=''
----------------------------------------------------------------
Mon Oct 05 10:53:19 CEST 2020:
Shutting down instance e315c8b6-0174-f7c8-ac97-00000e5b79b8 on database directory memory:C:\Users\Sunita\Documents\workspace-spring-tool-suite-4-4.8.0.RELEASE\addressservice\7d9fea9a-277e-4078-885a-b9c62ce2016d with class loader sun.misc.Launcher$AppClassLoader@764c12b6 
----------------------------------------------------------------
Mon Oct 05 10:53:22 CEST 2020:
Booting Derby version The Apache Software Foundation - Apache Derby - 10.14.2.0 - (1828579): instance af84896c-0174-f7c8-ac97-00000e5b79b8 
on database directory memory:C:\Users\Sunita\Documents\workspace-spring-tool-suite-4-4.8.0.RELEASE\addressservice\786653b2-d019-4fa2-ab70-91c44bca96fb with class loader sun.misc.Launcher$AppClassLoader@764c12b6 
Loaded from file:/C:/Users/Sunita/.m2/repository/org/apache/derby/derby/10.14.2.0/derby-10.14.2.0.jar
java.vendor=Oracle Corporation
java.runtime.version=1.8.0_202-b08
user.dir=C:\Users\Sunita\Documents\workspace-spring-tool-suite-4-4.8.0.RELEASE\addressservice
os.name=Windows 10
os.arch=amd64
os.version=10.0
derby.system.home=null
Database Class Loader started - derby.database.classpath=''
----------------------------------------------------------------
Mon Oct 05 12:04:35 CEST 2020:
Shutting down instance af84896c-0174-f7c8-ac97-00000e5b79b8 on database directory memory:C:\Users\Sunita\Documents\workspace-spring-tool-suite-4-4.8.0.RELEASE\addressservice\786653b2-d019-4fa2-ab70-91c44bca96fb with class loader sun.misc.Launcher$AppClassLoader@764c12b6 
----------------------------------------------------------------
Mon Oct 05 12:04:39 CEST 2020:
Booting Derby version The Apache Software Foundation - Apache Derby - 10.14.2.0 - (1828579): instance 85ac8a2c-0174-f7c8-ac97-00000e5b79b8 
on database directory memory:C:\Users\Sunita\Documents\workspace-spring-tool-suite-4-4.8.0.RELEASE\addressservice\e1301993-63c4-49a8-bbe0-22210d1f889a with class loader sun.misc.Launcher$AppClassLoader@764c12b6 
Loaded from file:/C:/Users/Sunita/.m2/repository/org/apache/derby/derby/10.14.2.0/derby-10.14.2.0.jar
java.vendor=Oracle Corporation
java.runtime.version=1.8.0_202-b08
user.dir=C:\Users\Sunita\Documents\workspace-spring-tool-suite-4-4.8.0.RELEASE\addressservice
os.name=Windows 10
os.arch=amd64
os.version=10.0
derby.system.home=null
Database Class Loader started - derby.database.classpath=''
